<?xml version="1.0" encoding="UTF-8"?>
<testng-results skipped="0" failed="0" ignored="0" total="1" passed="1">
  <reporter-output>
  </reporter-output>
  <suite name="Suite" duration-ms="13151" started-at="2017-07-15T14:49:15Z" finished-at="2017-07-15T14:49:28Z">
    <groups>
    </groups>
    <test name="Test" duration-ms="13151" started-at="2017-07-15T14:49:15Z" finished-at="2017-07-15T14:49:28Z">
      <class name="spkm.SPK">
        <test-method status="PASS" signature="main()[pri:0, instance:spkm.SPK@2bcfcb]" name="main" duration-ms="13122" started-at="2017-07-15T20:19:15Z" finished-at="2017-07-15T20:19:28Z">
          <reporter-output>
          </reporter-output>
        </test-method> <!-- main -->
      </class> <!-- spkm.SPK -->
    </test> <!-- Test -->
  </suite> <!-- Suite -->
</testng-results>
