<?xml version="1.0" encoding="UTF-8"?>
<testng-results skipped="0" failed="0" ignored="0" total="1" passed="1">
  <reporter-output>
  </reporter-output>
  <suite name="Default suite" duration-ms="16813" started-at="2017-07-16T07:08:16Z" finished-at="2017-07-16T07:08:33Z">
    <groups>
    </groups>
    <test name="Default test" duration-ms="16813" started-at="2017-07-16T07:08:16Z" finished-at="2017-07-16T07:08:33Z">
      <class name="spkm.SPK">
        <test-method status="PASS" signature="main()[pri:0, instance:spkm.SPK@d2e7d9]" name="main" duration-ms="16743" started-at="2017-07-16T12:38:16Z" finished-at="2017-07-16T12:38:33Z">
          <reporter-output>
          </reporter-output>
        </test-method> <!-- main -->
      </class> <!-- spkm.SPK -->
    </test> <!-- Default test -->
  </suite> <!-- Default suite -->
</testng-results>
